t0 start 100
t0 create 99
t0 yield 100
t0 start 99
t0 create 98
t0 yield 99
t0 continue 100
t0 end 100
t0 start 98
t0 create 97
t0 yield 98
t0 continue 99
t0 end 99
t0 start 97
t0 create 96
t0 yield 97
t0 continue 98
t0 end 98
t0 start 96
t0 create 95
t0 yield 96
t0 continue 97
t0 end 97
t0 start 95
t0 create 94
t0 yield 95
t0 continue 96
t0 end 96
t0 start 94
t0 create 93
t0 yield 94
t0 continue 95
t0 end 95
t0 start 93
t0 create 92
t0 yield 93
t0 continue 94
t0 end 94
t0 start 92
t0 create 91
t0 yield 92
t0 continue 93
t0 end 93
t0 start 91
t0 create 90
t0 yield 91
t0 continue 92
t0 end 92
t0 start 90
t0 create 89
t0 yield 90
t0 continue 91
t0 end 91
t0 start 89
t0 create 88
t0 yield 89
t0 continue 90
t0 end 90
t0 start 88
t0 create 87
t0 yield 88
t0 continue 89
t0 end 89
t0 start 87
t0 create 86
t0 yield 87
t0 continue 88
t0 end 88
t0 start 86
t0 create 85
t0 yield 86
t0 continue 87
t0 end 87
t0 start 85
t0 create 84
t0 yield 85
t0 continue 86
t0 end 86
t0 start 84
t0 create 83
t0 yield 84
t0 continue 85
t0 end 85
t0 start 83
t0 create 82
t0 yield 83
t0 continue 84
t0 end 84
t0 start 82
t0 create 81
t0 yield 82
t0 continue 83
t0 end 83
t0 start 81
t0 create 80
t0 yield 81
t0 continue 82
t0 end 82
t0 start 80
t0 create 79
t0 yield 80
t0 continue 81
t0 end 81
t0 start 79
t0 create 78
t0 yield 79
t0 continue 80
t0 end 80
t0 start 78
t0 create 77
t0 yield 78
t0 continue 79
t0 end 79
t0 start 77
t0 create 76
t0 yield 77
t0 continue 78
t0 end 78
t0 start 76
t0 create 75
t0 yield 76
t0 continue 77
t0 end 77
t0 start 75
t0 create 74
t0 yield 75
t0 continue 76
t0 end 76
t0 start 74
t0 create 73
t0 yield 74
t0 continue 75
t0 end 75
t0 start 73
t0 create 72
t0 yield 73
t0 continue 74
t0 end 74
t0 start 72
t0 create 71
t0 yield 72
t0 continue 73
t0 end 73
t0 start 71
t0 create 70
t0 yield 71
t0 continue 72
t0 end 72
t0 start 70
t0 create 69
t0 yield 70
t0 continue 71
t0 end 71
t0 start 69
t0 create 68
t0 yield 69
t0 continue 70
t0 end 70
t0 start 68
t0 create 67
t0 yield 68
t0 continue 69
t0 end 69
t0 start 67
t0 create 66
t0 yield 67
t0 continue 68
t0 end 68
t0 start 66
t0 create 65
t0 yield 66
t0 continue 67
t0 end 67
t0 start 65
t0 create 64
t0 yield 65
t0 continue 66
t0 end 66
t0 start 64
t0 create 63
t0 yield 64
t0 continue 65
t0 end 65
t0 start 63
t0 create 62
t0 yield 63
t0 continue 64
t0 end 64
t0 start 62
t0 create 61
t0 yield 62
t0 continue 63
t0 end 63
t0 start 61
t0 create 60
t0 yield 61
t0 continue 62
t0 end 62
t0 start 60
t0 create 59
t0 yield 60
t0 continue 61
t0 end 61
t0 start 59
t0 create 58
t0 yield 59
t0 continue 60
t0 end 60
t0 start 58
t0 create 57
t0 yield 58
t0 continue 59
t0 end 59
t0 start 57
t0 create 56
t0 yield 57
t0 continue 58
t0 end 58
t0 start 56
t0 create 55
t0 yield 56
t0 continue 57
t0 end 57
t0 start 55
t0 create 54
t0 yield 55
t0 continue 56
t0 end 56
t0 start 54
t0 create 53
t0 yield 54
t0 continue 55
t0 end 55
t0 start 53
t0 create 52
t0 yield 53
t0 continue 54
t0 end 54
t0 start 52
t0 create 51
t0 yield 52
t0 continue 53
t0 end 53
t0 start 51
t0 create 50
t0 yield 51
t0 continue 52
t0 end 52
t0 start 50
t0 create 49
t0 yield 50
t0 continue 51
t0 end 51
t0 start 49
t0 create 48
t0 yield 49
t0 continue 50
t0 end 50
t0 start 48
t0 create 47
t0 yield 48
t0 continue 49
t0 end 49
t0 start 47
t0 create 46
t0 yield 47
t0 continue 48
t0 end 48
t0 start 46
t0 create 45
t0 yield 46
t0 continue 47
t0 end 47
t0 start 45
t0 create 44
t0 yield 45
t0 continue 46
t0 end 46
t0 start 44
t0 create 43
t0 yield 44
t0 continue 45
t0 end 45
t0 start 43
t0 create 42
t0 yield 43
t0 continue 44
t0 end 44
t0 start 42
t0 create 41
t0 yield 42
t0 continue 43
t0 end 43
t0 start 41
t0 create 40
t0 yield 41
t0 continue 42
t0 end 42
t0 start 40
t0 create 39
t0 yield 40
t0 continue 41
t0 end 41
t0 start 39
t0 create 38
t0 yield 39
t0 continue 40
t0 end 40
t0 start 38
t0 create 37
t0 yield 38
t0 continue 39
t0 end 39
t0 start 37
t0 create 36
t0 yield 37
t0 continue 38
t0 end 38
t0 start 36
t0 create 35
t0 yield 36
t0 continue 37
t0 end 37
t0 start 35
t0 create 34
t0 yield 35
t0 continue 36
t0 end 36
t0 start 34
t0 create 33
t0 yield 34
t0 continue 35
t0 end 35
t0 start 33
t0 create 32
t0 yield 33
t0 continue 34
t0 end 34
t0 start 32
t0 create 31
t0 yield 32
t0 continue 33
t0 end 33
t0 start 31
t0 create 30
t0 yield 31
t0 continue 32
t0 end 32
t0 start 30
t0 create 29
t0 yield 30
t0 continue 31
t0 end 31
t0 start 29
t0 create 28
t0 yield 29
t0 continue 30
t0 end 30
t0 start 28
t0 create 27
t0 yield 28
t0 continue 29
t0 end 29
t0 start 27
t0 create 26
t0 yield 27
t0 continue 28
t0 end 28
t0 start 26
t0 create 25
t0 yield 26
t0 continue 27
t0 end 27
t0 start 25
t0 create 24
t0 yield 25
t0 continue 26
t0 end 26
t0 start 24
t0 create 23
t0 yield 24
t0 continue 25
t0 end 25
t0 start 23
t0 create 22
t0 yield 23
t0 continue 24
t0 end 24
t0 start 22
t0 create 21
t0 yield 22
t0 continue 23
t0 end 23
t0 start 21
t0 create 20
t0 yield 21
t0 continue 22
t0 end 22
t0 start 20
t0 create 19
t0 yield 20
t0 continue 21
t0 end 21
t0 start 19
t0 create 18
t0 yield 19
t0 continue 20
t0 end 20
t0 start 18
t0 create 17
t0 yield 18
t0 continue 19
t0 end 19
t0 start 17
t0 create 16
t0 yield 17
t0 continue 18
t0 end 18
t0 start 16
t0 create 15
t0 yield 16
t0 continue 17
t0 end 17
t0 start 15
t0 create 14
t0 yield 15
t0 continue 16
t0 end 16
t0 start 14
t0 create 13
t0 yield 14
t0 continue 15
t0 end 15
t0 start 13
t0 create 12
t0 yield 13
t0 continue 14
t0 end 14
t0 start 12
t0 create 11
t0 yield 12
t0 continue 13
t0 end 13
t0 start 11
t0 create 10
t0 yield 11
t0 continue 12
t0 end 12
t0 start 10
t0 create 9
t0 yield 10
t0 continue 11
t0 end 11
t0 start 9
t0 create 8
t0 yield 9
t0 continue 10
t0 end 10
t0 start 8
t0 create 7
t0 yield 8
t0 continue 9
t0 end 9
t0 start 7
t0 create 6
t0 yield 7
t0 continue 8
t0 end 8
t0 start 6
t0 create 5
t0 yield 6
t0 continue 7
t0 end 7
t0 start 5
t0 create 4
t0 yield 5
t0 continue 6
t0 end 6
t0 start 4
t0 create 3
t0 yield 4
t0 continue 5
t0 end 5
t0 start 3
t0 create 2
t0 yield 3
t0 continue 4
t0 end 4
t0 start 2
t0 create 1
t0 yield 2
t0 continue 3
t0 end 3
t0 start 1
t0 create 0
t0 yield 1
t0 continue 2
t0 end 2
t0 start 0
t0 end 0
t0 continue 1
t0 end 1
